<?xml version="1.0" encoding="UTF-8"?>
<!-- Generated by org.testng.reporters.JUnitReportReporter -->
<testsuite hostname="COE01111013932" name="smoketest.TC_002" tests="1" failures="0" timestamp="8 Aug 2014 10:54:02 GMT" time="19.655" errors="0">
  <testcase name="example" time="19.655" classname="smoketest.TC_002"/>
</testsuite> <!-- smoketest.TC_002 -->
