<?xml version="1.0" encoding="UTF-8"?>
<!-- Generated by org.testng.reporters.JUnitReportReporter -->
<testsuite hostname="COE01111013932" name="smoke.TC_002" tests="1" failures="0" timestamp="8 Aug 2014 09:27:09 GMT" time="33.957" errors="0">
  <testcase name="example" time="33.957" classname="smoke.TC_002"/>
</testsuite> <!-- smoke.TC_002 -->
