<?xml version="1.0" encoding="UTF-8"?>
<!-- Generated by org.testng.reporters.JUnitReportReporter -->
<testsuite hostname="COE01111013932" name="MavenSampleTestNG.MavenSampleTestNG.SeriousComponentTest" tests="1" failures="0" timestamp="8 Aug 2014 06:37:19 GMT" time="0.017" errors="0">
  <testcase name="testSeriousness" time="0.017" classname="MavenSampleTestNG.MavenSampleTestNG.SeriousComponentTest"/>
</testsuite> <!-- MavenSampleTestNG.MavenSampleTestNG.SeriousComponentTest -->
