<?xml version="1.0" encoding="UTF-8"?>
<!-- Generated by org.testng.reporters.JUnitReportReporter -->
<testsuite hostname="COE01111013932" name="smoketest.TC_002" tests="1" failures="0" timestamp="11 Aug 2014 04:55:30 GMT" time="41.589" errors="0">
  <testcase name="example" time="41.589" classname="smoketest.TC_002"/>
</testsuite> <!-- smoketest.TC_002 -->
